<?xml version="1.0" encoding="UTF-8"?>
<!-- Generated by org.testng.reporters.JUnitXMLReporter -->
<testsuite ignored="2" hostname="Avi" failures="1" tests="3" name="Regression suite 1" time="38.874" errors="0" timestamp="18 Aug 2018 17:27:34 GMT">
  <testcase classname="WebPageTestCases.LoginTest" name="Logintest" time="5.804"/>
  <testcase classname="WebPageTestCases.GoogleTest" name="googleset" time="2.697">
    <failure type="java.lang.AssertionError">
      <![CDATA[java.lang.AssertionError
at org.junit.Assert.fail(Assert.java:86)
at org.junit.Assert.assertTrue(Assert.java:41)
at org.junit.Assert.assertTrue(Assert.java:52)
at WebPageTestCases.GoogleTest.googleset(GoogleTest.java:15)
... Removed 25 stack frames]]>
    </failure>
  </testcase> <!-- googleset -->
  <testcase classname="WebPageTestCases.LoginTest" name="Logintest" time="4.282"/>
  <testcase classname="Listener.ExtentReportBase" name="@AfterSuite tearDown" time="0.0">
    <ignored/>
  </testcase> <!-- @AfterSuite tearDown -->
  <testcase classname="Listener.ExtentReportBase" name="@BeforeSuite setUp" time="0.0">
    <ignored/>
  </testcase> <!-- @BeforeSuite setUp -->
</testsuite> <!-- Regression suite 1 -->
